2025-03-13 14:58:58,559 - data_processing - INFO - Applying set of filters no 1.
2025-03-13 14:58:58,569 - data_processing - INFO - Updated data with data filtered by {'scenario_key': ['ALL', '2045_scenario']}
2025-03-13 14:58:58,662 - data_processing - INFO - Applying set of filters no 1.
2025-03-13 14:58:58,674 - data_processing - INFO - Updated data with data filtered by {'scenario_key': ['ALL', '2045_scenario']}
2025-03-13 14:58:58,675 - build_datapackage - WARNING - Index of new data is not in the index of old data.
2025-03-13 14:58:58,677 - build_datapackage - WARNING - Update overwrites existing data.
2025-03-13 14:58:58,829 - build_datapackage - INFO - Updated DataPackage with timeseries from '['store/datasets/esys_raw/data/scalars/default_scalars.csv', 'store/appdata/esys/_resources/scal_costs_efficiencies.csv']'.
2025-03-13 14:58:59,348 - build_datapackage - INFO - Updated DataPackage with timeseries from '['store/datasets/esys_raw/data/time_series/ts_efficiencies.csv', 'store/datasets/esys_raw/data/time_series/ts_feedin.csv', 'store/datasets/esys_raw/data/time_series/ts_load.csv']'.
2025-03-13 14:58:59,726 - build_datapackage - INFO - Saved datapackage to 'store/appdata/esys/2045_scenario/preprocessed'.
2025-03-13 14:58:59,727 - data_processing - INFO - The DataFrame has been saved to: store/appdata/esys/2045_scenario/preprocessed/additional_scalars.csv.
2025-03-13 14:58:59,727 - build_datapackage - INFO - Saved additional scalars to 'store/appdata/esys/2045_scenario/preprocessed/additional_scalars.csv'.
2025-03-13 14:58:59,727 - build_datapackage - INFO - Saved additional_scalars to 'store/appdata/esys/2045_scenario/preprocessed'.
2025-03-13 15:09:00,456 - optimize - INFO - Emission limit will be set to 0.0.
2025-03-13 15:09:00,457 - optimize - INFO - No gas electricity relation will be set.
2025-03-13 15:09:00,459 - optimize - INFO - Created solph.EnergSystem using oemof.solph version '0.5.2dev1'.
2025-03-13 15:09:09,559 - optimize - INFO - Created solph.Energystem. Elapsed time: 0:00:09.099809
2025-03-13 15:09:09,559 - optimize - INFO - Creating solph.Model.
2025-03-13 15:09:29,122 - optimize - INFO - Created solph.Model. Elapsed time: 0:00:19.563290
2025-03-13 15:09:29,123 - optimize - INFO - Setting constraints.
2025-03-13 15:09:29,124 - optimize - INFO - Solving with solver 'gurobi' using solve_kwargs '{'tee': True, 'keepfiles': True, 'logfile': 'store/appdata/esys/2045_scenario/2045_scenario_solver_log.log'}' 
2025-03-13 15:10:24,069 - optimize - INFO - Solved the model. Elapsed time: 0:00:54.945457
2025-03-13 15:10:24,069 - optimize - INFO - Model solved. Collecting results.
2025-03-13 15:10:37,270 - optimize - INFO - Results saved to store/appdata/esys/2045_scenario/optimized.
