Solver command line: []

Read LP format model from file /tmp/tmp6rn2yt4k.pyomo.lp
Reading time = 1.22 seconds
x1: 622009 rows, 578233 columns, 1706353 nonzeros
Gurobi Optimizer version 12.0.1 build v12.0.1rc0 (linux64 - "Linux Mint 20.3")

CPU model: AMD Ryzen 7 4700U with Radeon Graphics, instruction set [SSE2|AVX|AVX2]
Thread count: 8 physical cores, 8 logical processors, using up to 8 threads

Academic license 2635158 - for non-commercial use only - registered to di___@gmail.com
Optimize a model with 622009 rows, 578233 columns and 1706353 nonzeros
Model fingerprint: 0x14c35cf8
Coefficient statistics:
  Matrix range     [1e-06, 2e+01]
  Objective range  [9e-03, 7e+05]
  Bounds range     [1e+00, 1e+08]
  RHS range        [5e-04, 2e+04]
Presolve removed 324167 rows and 341689 columns
Presolve time: 1.27s
Presolved: 297842 rows, 236544 columns, 989084 nonzeros

Concurrent LP optimizer: primal simplex, dual simplex, and barrier
Showing barrier log only...

Ordering time: 0.25s

Barrier statistics:
 Dense cols : 24
 AA' NZ     : 9.278e+05
 Factor NZ  : 4.895e+06 (roughly 260 MB of memory)
 Factor Ops : 1.039e+08 (less than 1 second per iteration)
 Threads    : 6

                  Objective                Residual
Iter       Primal          Dual         Primal    Dual     Compl     Time
   0   1.28340530e+15 -3.49381089e+16  1.14e+13 9.61e+01  2.76e+12     2s
   1   1.06732486e+15 -2.84383588e+16  8.39e+12 5.17e+03  1.66e+12     2s
   2   1.01753826e+15 -2.72147329e+16  7.54e+12 2.65e+03  1.15e+12     3s
   3   6.19876942e+14 -2.38319952e+16  2.27e+12 1.74e+03  5.45e+11     3s
   4   5.48557262e+14 -1.39648742e+16  1.26e+12 3.71e+02  1.80e+11     3s
   5   5.47581528e+14 -1.01886871e+16  1.11e+12 2.13e+02  1.29e+11     4s
   6   4.78260647e+14 -4.82733856e+15  3.31e+11 7.36e+01  4.29e+10     4s
   7   3.90892997e+14 -9.77770023e+14  1.69e+10 1.51e+01  6.32e+09     4s
   8   2.07021951e+14 -2.41235805e+13  3.55e+08 1.22e+00  6.22e+08     5s
   9   5.06603369e+13 -7.80643162e+12  4.89e+07 2.76e-01  1.33e+08     5s
  10   7.54119419e+12 -2.06137725e+11  2.62e+06 2.04e-03  1.40e+07     5s
  11   4.79566976e+10 -1.70282311e+09  1.10e+04 1.18e-05  8.82e+04     6s
  12   1.59735192e+09 -1.08452532e+08  3.57e+02 1.42e-14  3.01e+03     6s
  13   1.64833794e+08 -3.59876678e+07  3.54e+01 1.42e-14  3.50e+02     6s
  14   1.20075402e+08 -3.13773346e+07  2.51e+01 1.42e-14  2.63e+02     6s
  15   9.20707488e+07 -9.93226329e+06  1.87e+01 7.11e-15  1.76e+02     7s
  16   5.65759467e+07 -4.17429366e+06  7.63e+00 2.44e-09  1.03e+02     7s
  17   3.31272418e+07 -1.58592383e+06  3.01e+00 2.79e-09  5.72e+01     7s
  18   2.64987996e+07 -1.45138439e+06  2.23e+00 2.79e-09  4.54e+01     8s
  19   2.19207713e+07 -4.84070770e+05  1.59e+00 1.98e-09  3.56e+01     8s
  20   1.84254697e+07  9.04027332e+04  1.06e+00 1.86e-09  2.84e+01     8s
  21   1.65505658e+07  1.06243916e+06  7.58e-01 9.31e-10  2.34e+01     9s
  22   1.36750501e+07  1.29379295e+06  2.73e-01 5.82e-10  1.79e+01     9s
  23   1.30270178e+07  2.59119435e+06  9.41e-02 1.34e-09  1.45e+01     9s
  24   1.07452572e+07  2.91023953e+06  9.25e-05 1.46e-09  9.91e+00    10s
  25   9.32350189e+06  3.38602302e+06  6.23e-05 1.16e-09  6.56e+00    10s
  26   8.86757918e+06  3.77753791e+06  5.24e-05 1.80e-09  5.06e+00    11s
  27   7.80376903e+06  3.93289078e+06  2.85e-05 8.15e-10  2.91e+00    11s
  28   7.16109493e+06  4.04620671e+06  1.45e-05 1.05e-09  1.58e+00    11s
  29   7.03213622e+06  4.08109430e+06  1.18e-05 1.16e-09  1.29e+00    12s
  30   6.97567072e+06  4.10010758e+06  1.06e-05 1.59e-09  1.16e+00    12s
  31   6.73541316e+06  4.15233541e+06  5.28e-06 6.36e-09  6.46e-01    12s
  32   6.62192705e+06  4.18834503e+06  3.05e-06 6.70e-09  3.82e-01    13s
  33   6.60902698e+06  4.20046895e+06  2.82e-06 7.59e-09  3.37e-01    13s
  34   6.52196229e+06  4.20814113e+06  1.16e-06 3.94e-09  1.72e-01    13s
  35   6.51981877e+06  4.21485301e+06  1.12e-06 1.59e-09  1.56e-01    14s
  36   6.51689636e+06  4.21914399e+06  1.07e-06 1.92e-09  1.43e-01    14s
  37   6.51413328e+06  4.22064896e+06  1.01e-06 2.55e-09  1.36e-01    14s
  38   6.48397503e+06  4.23033830e+06  4.01e-07 5.50e-09  6.63e-02    15s
  39   6.47479095e+06  4.23568538e+06  2.46e-07 5.36e-09  4.13e-02    15s
  40   6.46814169e+06  4.23935361e+06  2.02e-05 3.21e-09  2.39e-02    16s
  41   6.46638255e+06  4.24057990e+06  2.98e-05 3.79e-09  1.90e-02    16s
  42   6.46550817e+06  4.24130913e+06  3.47e-05 4.88e-09  1.64e-02    16s
  43   6.46485769e+06  4.24177260e+06  3.85e-05 5.35e-09  1.46e-02    17s
  44   6.46389307e+06  4.24258530e+06  4.42e-05 5.76e-09  1.18e-02    17s
  45   6.46215999e+06  4.24320311e+06  3.19e-05 4.31e-09  8.73e-03    17s
  46   6.45970015e+06  4.24402466e+06  1.60e-05 2.68e-09  4.87e-03    18s
  47   6.45864073e+06  4.24436258e+06  1.14e-05 1.72e-09  3.52e-03    19s
  48   6.45768826e+06  4.24464075e+06  8.25e-06 1.62e-09  2.48e-03    19s
  49   6.45700366e+06  4.24475158e+06  7.21e-06 1.53e-09  1.97e-03    20s
  50   6.45646170e+06  4.24481560e+06  5.44e-06 1.14e-09  1.66e-03    20s
  51   6.45621792e+06  4.24498041e+06  4.88e-06 1.17e-09  1.29e-03    20s
  52   6.45544432e+06  4.24509462e+06  3.48e-06 1.75e-10  8.63e-04    21s
  53   6.45499159e+06  4.24513625e+06  2.95e-06 2.22e-10  6.92e-04    21s
  54   6.45480250e+06  4.24515777e+06  2.87e-06 2.26e-10  6.19e-04    22s
  55   6.45440445e+06  4.24518555e+06  2.78e-06 2.07e-10  5.01e-04    23s
  56   6.45424412e+06  4.24520215e+06  2.67e-06 1.75e-10  4.48e-04    23s
  57   6.45341968e+06  4.24521605e+06  1.83e-06 2.91e-10  3.10e-04    24s
  58   6.45304065e+06  4.24522528e+06  1.54e-06 1.53e-10  2.59e-04    24s
  59   6.45260423e+06  4.24523426e+06  1.28e-06 2.47e-10  2.10e-04    25s
  60   6.45222136e+06  4.24524458e+06  1.11e-06 1.02e-10  1.67e-04    25s
  61   6.45212117e+06  4.24524682e+06  1.06e-06 9.82e-11  1.57e-04    26s
  62   6.45172054e+06  4.24525037e+06  8.29e-07 1.27e-10  1.31e-04    26s
  63   6.45150085e+06  4.24525488e+06  7.48e-07 2.04e-10  1.13e-04    27s
  64   6.45078031e+06  4.24525674e+06  2.78e-07 1.53e-10  8.24e-05    27s
  65   6.45022108e+06  4.24526439e+06  2.29e-07 3.20e-10  5.35e-05    28s
  66   6.44929465e+06  4.24526825e+06  2.29e-06 4.66e-10  1.20e-05    28s
  67   6.44852915e+06  4.24526876e+06  1.13e-06 1.11e-09  4.45e-06    29s
  68   6.44848502e+06  4.24526886e+06  1.09e-06 7.46e-10  4.15e-06    29s
  69   6.44821241e+06  4.24526898e+06  8.78e-07 7.26e-10  3.25e-06    29s
  70   6.44801211e+06  4.24526901e+06  7.52e-07 1.78e-10  2.81e-06    30s
  71   6.44762222e+06  4.24526907e+06  5.49e-07 5.66e-10  2.07e-06    30s
  72   6.44708269e+06  4.24526915e+06  3.56e-07 1.98e-09  1.36e-06    30s
  73   6.44664844e+06  4.24526922e+06  2.67e-07 2.31e-09  9.92e-07    31s
  74   6.44650527e+06  4.24526925e+06  2.49e-07 2.37e-09  8.90e-07    31s
  75   6.44619107e+06  4.24526927e+06  2.09e-07 2.45e-09  7.49e-07    32s
  76   6.44593856e+06  4.24526930e+06  1.87e-07 2.31e-09  6.33e-07    32s
  77   6.44534811e+06  4.24526932e+06  1.35e-07 2.11e-09  4.98e-07    33s
  78   6.44482374e+06  4.24526935e+06  1.07e-07 1.82e-09  3.99e-07    34s
  79   6.44468474e+06  4.24526937e+06  1.04e-07 1.79e-09  3.69e-07    34s
  80   6.44389397e+06  4.24526952e+06  1.18e-07 2.64e-10  6.02e-08    35s
  81   6.44306504e+06  4.24526954e+06  1.28e-07 9.26e-10  6.42e-09    35s
  82   6.44199568e+06  4.24526954e+06  1.32e-07 1.49e-08  4.51e-10    36s
  83   6.44089178e+06  4.24526954e+06  1.31e-07 8.45e-09  3.22e-12    36s
  84   6.43978465e+06  4.24526954e+06  1.32e-07 5.80e-09  1.30e-15    36s
  85   6.43867691e+06  4.24526954e+06  1.15e-06 2.18e-11  8.92e-19    36s

Barrier solved model in 85 iterations and 36.50 seconds (13.67 work units)
Optimal objective 6.43867691e+06

Crossover log...

  115515 DPushes remaining with DInf 0.0000000e+00                37s
       0 DPushes remaining with DInf 0.0000000e+00                37s

       2 PPushes remaining with PInf 0.0000000e+00                37s
       0 PPushes remaining with PInf 0.0000000e+00                37s

  Push phase complete: Pinf 0.0000000e+00, Dinf 4.7954463e+01     37s

Iteration    Objective       Primal Inf.    Dual Inf.      Time
   42425    4.2452698e+06   0.000000e+00   4.795446e+01     38s

Solved with barrier
   42427    4.2452698e+06   0.000000e+00   0.000000e+00     38s

Solved in 42427 iterations and 38.14 seconds (14.51 work units)
Optimal objective  4.245269753e+06

