Solver command line: []

Read LP format model from file /tmp/tmp3qxd7gkx.pyomo.lp
Reading time = 1.24 seconds
x1: 622009 rows, 578233 columns, 1706353 nonzeros
Gurobi Optimizer version 12.0.1 build v12.0.1rc0 (linux64 - "Linux Mint 20.3")

CPU model: AMD Ryzen 7 4700U with Radeon Graphics, instruction set [SSE2|AVX|AVX2]
Thread count: 8 physical cores, 8 logical processors, using up to 8 threads

Academic license 2635158 - for non-commercial use only - registered to di___@gmail.com
Optimize a model with 622009 rows, 578233 columns and 1706353 nonzeros
Model fingerprint: 0xaa4c7329
Coefficient statistics:
  Matrix range     [1e-06, 2e+01]
  Objective range  [9e-03, 7e+05]
  Bounds range     [8e-01, 1e+08]
  RHS range        [2e-01, 3e+05]
Presolve removed 324167 rows and 341686 columns
Presolve time: 1.26s
Presolved: 297842 rows, 236547 columns, 1001479 nonzeros

Concurrent LP optimizer: primal simplex, dual simplex, and barrier
Showing barrier log only...

Ordering time: 0.21s

Barrier statistics:
 Dense cols : 27
 AA' NZ     : 9.402e+05
 Factor NZ  : 5.007e+06 (roughly 260 MB of memory)
 Factor Ops : 1.135e+08 (less than 1 second per iteration)
 Threads    : 6

                  Objective                Residual
Iter       Primal          Dual         Primal    Dual     Compl     Time
   0   5.14949948e+15 -3.46027429e+17  5.72e+13 1.06e+02  1.56e+14     2s
   1   4.84502020e+15 -3.54780929e+17  5.13e+13 6.25e+04  1.46e+14     2s
   2   4.38365931e+15 -3.56726017e+17  4.25e+13 4.63e+04  1.12e+14     3s
   3   3.86501482e+15 -3.56008862e+17  3.34e+13 2.86e+04  7.80e+13     3s
   4   3.35437395e+15 -3.51083485e+17  2.63e+13 2.07e+04  5.77e+13     4s
   5   2.72089568e+15 -3.39118755e+17  1.62e+13 1.14e+04  3.35e+13     4s
   6   2.37197123e+15 -3.14480054e+17  8.52e+12 4.43e+03  1.52e+13     4s
   7   2.19233573e+15 -2.63051286e+17  3.56e+12 1.33e+03  5.67e+12     5s
   8   1.98886478e+15 -1.87991159e+17  5.66e+11 3.82e+02  1.38e+12     5s
   9   1.94062425e+15 -4.07979382e+16  1.92e+11 4.05e+01  2.61e+11     5s
  10   1.89230972e+15 -6.96791946e+15  1.71e+11 3.59e+00  1.24e+11     5s
  11   9.17830146e+14 -1.45394724e+15  2.98e+10 5.02e-01  2.26e+10     6s
  12   6.90248779e+14 -2.29706712e+14  1.86e+10 6.50e-02  1.28e+10     6s
  13   1.38245179e+14 -3.50589994e+13  1.98e+09 1.42e-01  1.50e+09     6s
  14   7.86540437e+13 -1.33778419e+13  9.36e+08 6.45e-02  7.29e+08     6s
  15   3.17354877e+13 -5.67107532e+12  3.36e+08 2.23e-02  2.69e+08     6s
  16   6.41007395e+12 -4.96172899e+11  5.82e+07 2.00e-03  4.72e+07     7s
  17   9.12473905e+10 -1.02193794e+11  7.26e+04 7.16e-05  2.82e+05     7s
  18   5.59237434e+10 -1.75625136e+10  3.43e+02 6.08e-06  3.26e+04     7s
  19   5.09018002e+10 -9.73360281e+08  2.38e-09 1.93e-07  2.53e+03     8s
  20   4.71841726e+10 -5.06651393e+08  5.60e-10 1.11e-08  1.28e+03     8s
  21   4.58358684e+10 -1.67147241e+08  4.05e-10 4.21e-09  5.99e+02     8s
  22   4.43514224e+10 -8.02643929e+07  2.82e-10 2.72e-09  3.91e+02     9s
  23   4.32992271e+10 -3.73702950e+07  2.21e-10 1.57e-09  2.87e+02     9s
  24   4.21891304e+10  5.76493368e+06  1.72e-10 6.81e-09  1.87e+02     9s
  25   4.04153263e+10  2.79004508e+07  1.03e-10 6.23e-09  1.19e+02    10s
  26   3.87812151e+10  4.28574286e+07  8.81e-11 7.28e-09  7.22e+01    10s
  27   3.80489415e+10  4.67186520e+07  7.57e-11 4.31e-09  6.08e+01    11s
  28   3.70894798e+10  5.14591707e+07  6.39e-11 3.43e-09  4.67e+01    11s
  29   3.61856260e+10  5.41611108e+07  5.63e-11 3.49e-09  3.68e+01    11s
  30   3.55081934e+10  5.70517453e+07  4.90e-11 1.57e-09  2.86e+01    12s
  31   3.41671426e+10  5.93222756e+07  3.44e-11 1.92e-09  1.94e+01    12s
  32   3.29599740e+10  6.08303562e+07  2.69e-11 1.22e-09  1.30e+01    13s
  33   3.17139821e+10  6.11899482e+07  2.80e-11 9.31e-10  9.73e+00    13s
  34   3.03482204e+10  6.16384774e+07  2.09e-11 4.07e-10  6.42e+00    13s
  35   2.89764750e+10  6.18303310e+07  2.64e-11 8.73e-10  4.41e+00    14s
  36   2.75204369e+10  6.18859267e+07  4.56e-11 2.13e-10  3.12e+00    14s
  37   2.65466970e+10  6.19106694e+07  6.01e-11 2.27e-10  2.52e+00    14s
  38   2.56959480e+10  6.19451016e+07  1.21e-10 1.38e-10  2.09e+00    15s
  39   2.43237220e+10  6.19927666e+07  1.29e-10 1.09e-10  1.52e+00    15s
  40   2.35595589e+10  6.20526604e+07  1.37e-10 1.07e-09  1.19e+00    16s
  41   2.27199293e+10  6.20765220e+07  1.32e-10 1.15e-09  9.47e-01    16s
  42   2.16626150e+10  6.21042192e+07  1.72e-10 9.82e-10  7.05e-01    16s
  43   2.08988763e+10  6.21181696e+07  1.99e-10 5.06e-10  5.84e-01    17s
  44   1.94382279e+10  6.21288362e+07  4.92e-10 2.07e-10  4.08e-01    17s
  45   1.73775717e+10  6.21356887e+07  1.30e-09 8.62e-10  2.40e-01    18s
  46   1.71103960e+10  6.21411873e+07  1.25e-09 1.27e-09  2.18e-01    18s
  47   1.65163275e+10  6.21428419e+07  8.12e-10 1.27e-09  1.92e-01    18s
  48   1.48346557e+10  6.21495657e+07  9.93e-10 1.20e-09  1.23e-01    19s
  49   1.33164676e+10  6.21536400e+07  3.16e-04 8.51e-10  8.40e-02    19s
  50   1.22133523e+10  6.21561196e+07  5.54e-04 5.24e-10  6.33e-02    20s
  51   1.09136224e+10  6.21569691e+07  6.78e-04 4.18e-10  4.67e-02    20s
  52   9.87312671e+09  6.21576517e+07  7.14e-04 3.31e-10  3.73e-02    21s
  53   8.81322546e+09  6.21585101e+07  7.22e-04 2.00e-10  2.90e-02    21s
  54   7.32253919e+09  6.21591030e+07  6.80e-04 7.64e-11  2.07e-02    21s
  55   5.80664412e+09  6.21596548e+07  6.07e-04 1.53e-10  1.48e-02    22s
  56   4.37917165e+09  6.21603374e+07  5.33e-04 8.00e-11  1.02e-02    22s
  57   2.26688032e+09  6.21606913e+07  4.00e-04 1.16e-10  6.05e-03    23s
  58   6.40979558e+08  6.21610115e+07  3.19e-04 8.04e-10  3.93e-03    23s
  59   8.44540512e+07  6.21611119e+07  2.93e-04 3.97e-10  3.37e-03    23s
  60   3.97094032e+09  6.21611704e+07  2.50e-04 1.20e-10  5.56e+03    24s
  61   3.97082855e+09  6.21611094e+07  2.50e-04 1.49e-10  5.56e+03    24s
  62   3.97082312e+09  6.21609432e+07  2.50e-04 6.55e-11  5.59e+03    25s
  63   5.14950129e+15 -3.46042692e+18  5.72e+13 5.82e-11  1.56e+15    26s
  64   4.32067435e+15 -3.62333183e+18  4.18e+13 4.63e+05  9.85e+14    26s
  65   3.82690145e+15 -3.49222247e+18  3.29e+13 3.18e+05  6.10e+14    27s
  66   2.76574248e+15 -3.73177121e+18  1.39e+13 8.56e+04  2.28e+14    28s
  67   2.19774891e+15 -3.49095022e+18  3.14e+12 1.35e+04  5.06e+13    28s
  68   2.00909974e+15 -1.68985580e+18  5.14e+11 9.42e+02  7.77e+12    29s
  69   1.94802056e+15 -4.57076338e+17  2.80e+11 8.89e+01  2.68e+12    29s
  70   2.10308454e+15 -6.72516336e+16  9.39e+10 4.67e+00  7.06e+11    30s
  71   1.98646779e+15 -8.25247345e+15  3.05e+09 3.05e-01  3.73e+10    30s
  72   1.07994110e+15 -3.89035808e+14  1.45e+09 3.95e-01  1.15e+10    30s
  73   5.19640999e+14 -1.01059255e+14  6.20e+08 3.99e-01  4.88e+09    30s
  74   3.01503978e+14 -4.44627959e+13  3.27e+08 2.83e-01  2.61e+09    31s
  75   1.99329744e+14 -2.06142081e+13  2.02e+08 1.52e-01  1.63e+09    31s
  76   1.14380249e+14 -9.86030316e+12  1.07e+08 1.12e-01  8.76e+08    31s
  77   6.53329377e+13 -7.89314404e+12  5.82e+07 6.57e-02  4.89e+08    31s
  78   5.14594894e+13 -4.55239203e+12  4.42e+07 4.20e-02  3.72e+08    31s
  79   2.51259690e+13 -2.11540596e+12  1.99e+07 1.54e-02  1.71e+08    32s
  80   4.56414370e+12 -9.58879642e+11  3.14e+06 5.33e-03  2.85e+07    32s
  81   4.60883001e+11 -6.62838323e+11  5.40e+04 1.92e-04  2.07e+06    32s
  82   1.27882943e+11 -3.48578600e+10  1.58e+00 5.51e-05  6.37e+04    32s
  83   1.23666246e+11 -4.65576925e+09  1.11e-03 7.11e-06  9.14e+03    32s
  84   1.20238422e+11 -1.37259175e+09  3.58e-04 1.75e-06  2.93e+03    33s
  85   1.18171590e+11 -4.48866945e+08  2.09e-04 2.15e-07  1.13e+03    33s
  86   1.17509684e+11 -3.28728356e+08  1.81e-04 5.14e-08  8.89e+02    33s
  87   1.15253685e+11 -1.21181804e+08  9.74e-05 1.79e-08  4.30e+02    33s
  88   1.12804288e+11  4.23053497e+06  4.81e-05 1.11e-09  1.59e+02    34s
  89   1.11139095e+11  3.77326518e+07  3.14e-05 6.40e-10  8.25e+01    34s
  90   1.09501942e+11  4.56742354e+07  2.07e-05 1.75e-10  5.73e+01    34s
  91   1.08924516e+11  4.96526072e+07  1.82e-05 2.91e-10  4.75e+01    34s
  92   1.07793552e+11  5.12679287e+07  1.39e-05 5.46e-11  3.87e+01    35s
  93   1.06962929e+11  5.51495008e+07  1.15e-05 2.33e-10  2.89e+01    35s
  94   1.05268727e+11  5.99498010e+07  7.45e-06 5.82e-11  1.52e+01    35s
  95   1.02602920e+11  6.12332515e+07  3.31e-06 8.73e-11  7.10e+00    36s
  96   1.01529322e+11  6.14641280e+07  2.57e-06 4.64e-11  5.53e+00    36s
  97   1.00437525e+11  6.15256815e+07  1.98e-06 8.73e-11  4.47e+00    36s
  98   9.94159087e+10  6.16689648e+07  1.56e-06 5.09e-11  3.52e+00    37s
  99   9.78865513e+10  6.17400557e+07  1.06e-06 6.18e-11  2.55e+00    37s
 100   9.71918840e+10  6.18990253e+07  9.07e-07 6.55e-11  1.98e+00    37s
 101   9.60393293e+10  6.19908215e+07  6.89e-07 4.98e-10  1.43e+00    38s
 102   9.47323220e+10  6.20455840e+07  5.01e-07 1.09e-10  1.01e+00    38s
 103   9.34675722e+10  6.20849609e+07  3.68e-07 9.97e-10  7.26e-01    39s
 104   9.33782510e+10  6.20936860e+07  3.61e-07 9.93e-10  6.99e-01    39s
 105   9.16863857e+10  6.21147677e+07  2.34e-07 8.73e-10  4.56e-01    39s
 106   8.97287886e+10  6.21291425e+07  1.38e-07 1.05e-09  2.67e-01    40s
 107   8.90922916e+10  6.21381743e+07  1.20e-07 2.32e-09  2.20e-01    40s
 108   8.86138960e+10  6.21459892e+07  1.08e-07 2.28e-09  1.91e-01    41s
 109   8.79261081e+10  6.21512811e+07  9.23e-08 1.94e-09  1.58e-01    41s
 110   8.59624614e+10  6.21541583e+07  5.41e-06 1.43e-09  9.43e-02    41s
 111   8.45872081e+10  6.21556420e+07  1.76e-04 1.08e-09  6.79e-02    42s
 112   8.41069716e+10  6.21569807e+07  2.19e-04 8.29e-10  5.96e-02    42s
 113   8.33708090e+10  6.21581340e+07  2.58e-04 5.71e-10  4.89e-02    43s
 114   8.24294963e+10  6.21588832e+07  2.77e-04 4.37e-10  3.88e-02    43s
 115   8.09281096e+10  6.21595230e+07  2.66e-04 1.27e-10  2.73e-02    43s
 116   7.86744941e+10  6.21602805e+07  2.40e-04 7.53e-10  1.51e-02    44s
 117   7.69445136e+10  6.21607355e+07  2.05e-04 1.13e-10  9.67e-03    44s
 118   7.51356662e+10  6.21608300e+07  1.64e-04 4.58e-10  6.17e-03    45s
 119   7.40420487e+10  6.21609515e+07  1.45e-04 1.16e-10  4.85e-03    45s
 120   7.23821303e+10  6.21610546e+07  1.19e-04 5.64e-10  3.36e-03    45s
 121   7.09327766e+10  6.21611711e+07  9.99e-05 1.49e-09  2.40e-03    46s
 122   6.89954130e+10  6.21613045e+07  7.67e-05 2.69e-09  1.44e-03    46s
 123   6.87415751e+10  6.21613411e+07  7.40e-05 1.76e-09  1.31e-03    46s
 124   6.76231020e+10  6.21613766e+07  6.14e-05 9.35e-10  1.01e-03    47s
 125   6.62186123e+10  6.21614040e+07  4.78e-05 4.18e-10  7.29e-04    47s
 126   6.45850490e+10  6.21614160e+07  3.53e-05 4.06e-10  5.22e-04    48s
 127   6.42290293e+10  6.21614335e+07  3.34e-05 5.35e-10  4.60e-04    48s
 128   6.38878429e+10  6.21614357e+07  3.16e-05 5.48e-10  4.31e-04    48s
 129   6.25720306e+10  6.21614603e+07  2.50e-05 2.88e-10  2.94e-04    49s
 130   5.91773137e+10  6.21614847e+07  1.03e-05 1.67e-10  9.34e-05    49s
 131   5.51088030e+10  6.21614941e+07  3.42e-06 1.13e-10  1.67e-05    50s
 132   5.13796128e+10  6.21614965e+07  1.10e-06 1.42e-10  3.28e-06    50s
 133   4.81505999e+10  6.21614967e+07  3.84e-07 8.37e-10  1.09e-06    50s
 134   4.44952349e+10  6.21614967e+07  9.92e-08 4.77e-11  2.85e-07    51s
 135   4.09473300e+10  6.21614967e+07  2.78e-08 9.90e-10  6.85e-08    51s
 136   3.68522664e+10  6.21614967e+07  7.37e-09 1.96e-09  1.05e-08    51s
 137   3.20650867e+10  6.21614967e+07  1.70e-09 1.11e-08  6.03e-11    52s
 138   2.72780758e+10  6.21614967e+07  1.57e-08 3.06e-09  5.60e-14    52s
 139   2.24908961e+10  6.21614967e+07  6.38e-08 3.27e-11  1.48e-15    52s
 140   1.77037164e+10  6.21614967e+07  6.28e-08 7.28e-12  5.29e-17    52s

Barrier solved model in 140 iterations and 52.42 seconds (21.68 work units)
Optimal objective 1.77037164e+10


Solved with dual simplex
Iteration    Objective       Primal Inf.    Dual Inf.      Time
  179787    6.2161511e+07   0.000000e+00   0.000000e+00     64s

Solved in 179787 iterations and 64.05 seconds (45.75 work units)
Optimal objective  6.216151092e+07

