Solver command line: []

Read LP format model from file /tmp/tmp27uhpgfg.pyomo.lp
Reading time = 1.30 seconds
x1: 613248 rows, 569471 columns, 1684849 nonzeros
Gurobi Optimizer version 12.0.1 build v12.0.1rc0 (linux64 - "Linux Mint 20.3")

CPU model: AMD Ryzen 7 4700U with Radeon Graphics, instruction set [SSE2|AVX|AVX2]
Thread count: 8 physical cores, 8 logical processors, using up to 8 threads

Academic license 2635158 - for non-commercial use only - registered to di___@gmail.com
Optimize a model with 613248 rows, 569471 columns and 1684849 nonzeros
Model fingerprint: 0xfd32a179
Coefficient statistics:
  Matrix range     [1e-06, 2e+01]
  Objective range  [9e-03, 7e+05]
  Bounds range     [6e-01, 1e+08]
  RHS range        [1e-01, 5e+04]
Presolve removed 315406 rows and 332924 columns
Presolve time: 1.25s
Presolved: 297842 rows, 236547 columns, 1001479 nonzeros

Concurrent LP optimizer: primal simplex, dual simplex, and barrier
Showing barrier log only...

Ordering time: 0.21s

Barrier statistics:
 Dense cols : 27
 AA' NZ     : 9.402e+05
 Factor NZ  : 4.911e+06 (roughly 260 MB of memory)
 Factor Ops : 1.072e+08 (less than 1 second per iteration)
 Threads    : 6

                  Objective                Residual
Iter       Primal          Dual         Primal    Dual     Compl     Time
   0   5.18542137e+15 -3.37232549e+17  5.72e+13 1.06e+02  1.52e+14     2s
   1   4.87702129e+15 -3.45764088e+17  5.13e+13 6.09e+04  1.42e+14     2s
   2   4.41074415e+15 -3.47659803e+17  4.25e+13 4.51e+04  1.09e+14     3s
   3   3.79324562e+15 -3.46006378e+17  3.18e+13 2.48e+04  6.65e+13     3s
   4   3.24286238e+15 -3.31756794e+17  2.41e+13 1.53e+04  4.53e+13     3s
   5   2.60247817e+15 -3.11556871e+17  1.39e+13 8.12e+03  2.52e+13     4s
   6   2.37787019e+15 -2.68112185e+17  8.02e+12 2.32e+03  1.08e+13     4s
   7   2.14116460e+15 -2.21630701e+17  3.09e+12 7.51e+02  4.04e+12     5s
   8   1.98499334e+15 -1.46518911e+17  4.08e+11 1.99e+02  8.69e+11     5s
   9   1.87822464e+15 -2.39569127e+16  4.71e+10 1.82e+01  1.02e+11     5s
  10   1.73539636e+15 -4.03233580e+15  3.52e+10 2.63e+00  3.46e+10     5s
  11   1.43626490e+15 -2.91181235e+14  2.67e+10 1.78e-01  1.88e+10     6s
  12   3.86389353e+14 -5.87575713e+13  4.36e+09 4.25e-02  3.37e+09     6s
  13   8.97343161e+13 -9.57637341e+12  5.58e+08 8.53e-02  5.11e+08     6s
  14   4.13065030e+13 -4.59975179e+12  2.37e+08 2.00e-02  2.22e+08     6s
  15   2.02832172e+12 -2.66011394e+11  6.56e+06 3.22e-03  7.80e+06     7s
  16   6.91791400e+10 -1.44122877e+10  2.10e+04 1.65e-05  5.05e+04     7s
  17   5.78829219e+10 -1.69737172e+09  8.90e+02 2.36e-09  4.11e+03     7s
  18   5.47718047e+10 -1.52826603e+08  3.54e+02 2.36e-10  6.27e+02     8s
  19   5.16216507e+10 -7.01292518e+07  1.18e+02 2.33e-10  2.67e+02     8s
  20   4.93917293e+10 -2.67775851e+07  4.43e+01 4.71e-09  1.32e+02     8s
  21   4.72638011e+10 -1.55521194e+07  1.66e+01 4.02e-09  8.53e+01     8s
  22   4.63680180e+10 -7.71149253e+06  1.27e+01 8.15e-10  6.45e+01     9s
  23   4.54309597e+10 -1.86775125e+06  9.37e+00 1.42e-10  4.78e+01     9s
  24   4.48089101e+10  5.23062855e+05  7.50e+00 1.46e-10  4.03e+01     9s
  25   4.42648463e+10  2.60963437e+06  6.05e+00 1.75e-10  3.40e+01    10s
  26   4.32742387e+10  5.41522048e+06  3.35e+00 5.82e-10  2.50e+01    10s
  27   4.06441825e+10  8.34179939e+06  1.00e-03 3.49e-10  1.24e+01    11s
  28   3.89139138e+10  9.31010343e+06  6.40e-04 1.46e-10  8.03e+00    11s
  29   3.78063400e+10  9.93222804e+06  4.92e-04 2.33e-10  5.74e+00    11s
  30   3.71792079e+10  1.01577516e+07  4.27e-04 1.42e-10  4.83e+00    12s
  31   3.63480356e+10  1.01847170e+07  3.52e-04 1.31e-10  4.21e+00    12s
  32   3.49702940e+10  1.04768684e+07  2.51e-04 1.18e-11  2.91e+00    12s
  33   3.41465697e+10  1.07118685e+07  2.07e-04 1.31e-10  2.12e+00    13s
  34   3.20974897e+10  1.08275931e+07  1.18e-04 8.73e-11  1.24e+00    13s
  35   3.06121539e+10  1.08703851e+07  8.14e-05 1.42e-10  8.49e-01    13s
  36   2.95320643e+10  1.08869367e+07  6.29e-05 8.55e-10  6.53e-01    14s
  37   2.89729883e+10  1.08907066e+07  5.55e-05 1.12e-09  5.83e-01    14s
  38   2.83493343e+10  1.09014628e+07  4.83e-05 2.33e-09  5.01e-01    14s
  39   2.80442304e+10  1.09065177e+07  4.52e-05 2.12e-09  4.65e-01    15s
  40   2.63878887e+10  1.09219400e+07  2.95e-05 2.00e-09  3.04e-01    15s
  41   2.55527409e+10  1.09249066e+07  2.43e-05 1.94e-09  2.49e-01    16s
  42   2.53368839e+10  1.09282184e+07  2.32e-05 1.47e-09  2.34e-01    16s
  43   2.50459349e+10  1.09335803e+07  2.18e-05 1.09e-09  2.14e-01    17s
  44   2.39980441e+10  1.09365027e+07  1.70e-05 9.86e-10  1.68e-01    17s
  45   2.27395906e+10  1.09412244e+07  1.25e-05 5.20e-10  1.24e-01    18s
  46   2.19320040e+10  1.09429184e+07  1.04e-05 3.20e-10  1.04e-01    18s
  47   2.11790711e+10  1.09470041e+07  8.75e-06 1.27e-09  8.34e-02    19s
  48   2.01953240e+10  1.09484213e+07  6.95e-06 1.30e-09  6.61e-02    19s
  49   1.92915453e+10  1.09501492e+07  5.63e-06 1.14e-09  5.31e-02    20s
  50   1.89560402e+10  1.09505803e+07  5.23e-06 1.07e-09  4.92e-02    20s
  51   1.77454324e+10  1.09515383e+07  2.45e-05 8.40e-10  3.72e-02    20s
  52   1.67187450e+10  1.09518152e+07  6.06e-05 7.75e-10  3.01e-02    21s
  53   1.44986140e+10  1.09527411e+07  1.50e-04 8.00e-10  1.74e-02    21s
  54   1.27227473e+10  1.09534805e+07  1.95e-04 5.82e-10  1.13e-02    22s
  55   1.11443743e+10  1.09542857e+07  2.01e-04 1.67e-10  7.13e-03    22s
  56   9.00562692e+09  1.09544339e+07  1.64e-04 1.38e-10  4.35e-03    23s
  57   7.69586211e+09  1.09546109e+07  1.48e-04 5.30e-10  3.18e-03    23s
  58   6.50902645e+09  1.09548446e+07  1.30e-04 6.47e-10  2.23e-03    24s
  59   4.65682873e+09  1.09549647e+07  9.65e-05 1.44e-09  1.33e-03    24s
  60   1.57082231e+09  1.09550348e+07  4.93e-05 2.27e-10  5.25e-04    24s
  61   5.02361201e+07  1.09550503e+07  3.75e-05 3.53e-10  3.72e-04    25s
  62   3.22501671e+07  1.09550901e+07  3.74e-05 2.11e-10  3.10e-04    25s
  63   1.17580558e+12  1.09550945e+07  2.57e-05 2.73e-10  6.89e+05    25s
  64   5.18542137e+15 -3.37232549e+17  5.72e+13 1.06e+02  1.52e+14    26s
  65   3.11608386e+15 -1.73359689e+17  3.21e+13 3.01e+04  3.54e+13    26s
  66   1.82329917e+15 -4.40633547e+16  1.79e+13 5.09e+03  5.09e+12    27s
  67   1.37923967e+15 -3.30495906e+16  1.27e+13 4.97e+03  3.08e+12    27s
  68   1.19224388e+15 -2.90172174e+16  1.06e+13 4.47e+03  2.39e+12    28s
  69   9.38736009e+14 -2.58740028e+16  7.61e+12 4.71e+03  1.75e+12    28s
  70   8.28147916e+14 -1.13489458e+16  6.57e+12 1.93e+03  7.74e+11    29s
  71   7.50629717e+14 -9.49132802e+15  5.79e+12 1.60e+03  6.06e+11    29s
  72   6.19032856e+14 -5.77538021e+15  4.53e+12 1.01e+03  3.33e+11    29s
  73   5.03241986e+14 -3.97048303e+15  3.43e+12 7.48e+02  1.99e+11    30s
  74   3.97749565e+14 -1.97688565e+15  2.43e+12 3.85e+02  8.89e+10    30s
  75   2.48336267e+14 -3.48009775e+14  1.06e+12 8.70e+01  1.59e+10    31s
  76   8.05788605e+13 -1.59612957e+13  1.01e+11 1.32e+01  9.12e+08    31s
  77   2.83413475e+13 -1.61950389e+12  2.76e+10 2.01e+00  1.30e+08    32s
  78   2.20800152e+13 -9.44865043e+11  2.14e+10 1.41e+00  9.15e+07    32s
  79   1.40571131e+13 -7.36752294e+11  1.36e+10 1.14e+00  5.71e+07    32s
  80   1.23908259e+13 -6.34132921e+11  1.20e+10 1.01e+00  4.91e+07    33s
  81   4.92704410e+12 -3.33102398e+11  4.71e+09 5.81e-01  1.86e+07    33s
  82   1.84801255e+12 -1.54130174e+11  1.76e+09 2.72e-01  6.48e+06    34s
  83   3.74401211e+11 -2.14153210e+10  3.50e+08 3.98e-02  1.11e+06    34s
  84   2.34073353e+10 -1.96292308e+09  2.17e+07 4.05e-03  6.88e+04    34s
  85   2.24391459e+09 -2.69334028e+07  2.06e+06 7.37e-05  5.61e+03    35s
  86   4.07242209e+08 -1.80671539e+07  3.87e+05 6.39e-05  1.01e+03    35s
  87   2.24118071e+08 -1.14533727e+07  2.17e+05 2.61e-06  5.37e+02    35s
  88   9.29363709e+07 -4.76676845e+06  8.79e+04 1.47e-06  2.17e+02    36s
  89   5.26295789e+07  8.18736042e+05  4.64e+04 6.94e-07  1.11e+02    36s
  90   4.98183553e+07  1.69918498e+06  4.34e+04 6.09e-07  1.03e+02    36s
  91   3.94058460e+07  5.69785418e+06  3.24e+04 2.62e-07  7.00e+01    37s
  92   3.18820233e+07  6.74033854e+06  2.42e+04 1.82e-07  5.14e+01    37s
  93   2.91178622e+07  6.91788544e+06  2.06e+04 1.71e-07  4.52e+01    37s
  94   2.60442530e+07  7.79084717e+06  9.16e+03 1.04e-07  3.66e+01    38s
  95   2.30656728e+07  8.37598313e+06  7.50e+03 7.45e-08  2.90e+01    38s
  96   1.76032504e+07  8.89051415e+06  4.17e+03 5.49e-08  1.68e+01    39s
  97   1.65437112e+07  9.25824967e+06  1.86e+02 4.06e-08  1.39e+01    39s
  98   1.43293094e+07  9.55816497e+06  6.27e-01 3.13e-08  8.90e+00    40s
  99   1.37407452e+07  9.86249395e+06  5.20e-01 2.40e-08  7.13e+00    40s
 100   1.30908375e+07  1.00773342e+07  4.06e-01 1.88e-08  5.45e+00    41s
 101   1.29025003e+07  1.01986906e+07  3.66e-01 1.61e-08  4.85e+00    41s
 102   1.25500547e+07  1.02738585e+07  3.00e-01 1.44e-08  4.04e+00    42s
 103   1.22022498e+07  1.03870844e+07  2.32e-01 1.22e-08  3.17e+00    42s
 104   1.18569159e+07  1.05689541e+07  1.66e-01 8.48e-09  2.19e+00    42s
 105   1.17429477e+07  1.06509256e+07  1.45e-01 6.75e-09  1.83e+00    43s
 106   1.16192568e+07  1.06700275e+07  1.22e-01 6.32e-09  1.57e+00    43s
 107   1.14948914e+07  1.07613860e+07  9.76e-02 1.68e-08  1.18e+00    44s
 108   1.14507008e+07  1.08244679e+07  8.94e-02 3.88e-08  9.87e-01    44s
 109   1.13501540e+07  1.08630032e+07  7.11e-02 9.68e-08  7.40e-01    45s
 110   1.12468281e+07  1.08888377e+07  5.21e-02 2.33e-07  5.13e-01    45s
 111   1.11735764e+07  1.09042326e+07  3.89e-02 2.42e-07  3.63e-01    46s
 112   1.11207242e+07  1.09237553e+07  2.95e-02 2.08e-07  2.43e-01    46s
 113   1.11108633e+07  1.09269423e+07  2.75e-02 2.88e-07  2.23e-01    47s
 114   1.10957299e+07  1.09310580e+07  2.48e-02 4.20e-07  1.92e-01    47s
 115   1.10856362e+07  1.09344546e+07  2.29e-02 5.18e-07  1.70e-01    47s
 116   1.10740168e+07  1.09373256e+07  2.08e-02 5.70e-07  1.48e-01    48s
 117   1.10617496e+07  1.09402089e+07  1.85e-02 6.39e-07  1.25e-01    48s
 118   1.10518320e+07  1.09418840e+07  1.67e-02 7.22e-07  1.08e-01    49s
 119   1.10426889e+07  1.09435441e+07  1.51e-02 7.90e-07  9.28e-02    49s
 120   1.10349076e+07  1.09455691e+07  1.37e-02 9.69e-07  7.91e-02    50s
 121   1.10266722e+07  1.09466408e+07  1.22e-02 1.26e-06  6.69e-02    50s
 122   1.10214948e+07  1.09469067e+07  1.13e-02 1.31e-06  6.04e-02    51s
 123   1.10150942e+07  1.09490955e+07  1.01e-02 1.61e-06  4.92e-02    51s
 124   1.10116818e+07  1.09499659e+07  9.53e-03 1.71e-06  4.40e-02    52s
 125   1.10063659e+07  1.09502894e+07  8.58e-03 1.75e-06  3.79e-02    52s
 126   1.10054171e+07  1.09507763e+07  8.42e-03 1.75e-06  3.61e-02    53s
 127   1.09980030e+07  1.09513051e+07  7.11e-03 1.71e-06  2.81e-02    53s
 128   1.09918702e+07  1.09520896e+07  6.04e-03 1.65e-06  2.14e-02    53s
 129   1.09812270e+07  1.09536603e+07  7.74e-03 1.53e-06  1.21e-02    54s
 130   1.09755377e+07  1.09541014e+07  9.90e-03 1.35e-06  7.92e-03    54s
 131   1.09714175e+07  1.09544895e+07  1.19e-02 1.06e-06  5.58e-03    55s
 132   1.09677540e+07  1.09547443e+07  1.33e-02 1.44e-06  3.38e-03    55s
 133   1.09669998e+07  1.09548168e+07  1.36e-02 1.59e-06  3.00e-03    56s
 134   1.09638885e+07  1.09549603e+07  1.49e-02 1.47e-06  1.76e-03    56s
 135   1.09620078e+07  1.09549926e+07  1.54e-02 1.46e-06  1.17e-03    57s
 136   1.09601459e+07  1.09550044e+07  1.56e-02 2.04e-06  7.49e-04    57s
 137   1.09586494e+07  1.09550404e+07  1.55e-02 3.06e-06  4.62e-04    58s
 138   1.09585376e+07  1.09550434e+07  1.54e-02 3.74e-06  4.42e-04    59s
 139   1.09579018e+07  1.09550704e+07  1.48e-02 9.02e-06  3.21e-04    59s
 140   1.09575120e+07  1.09550780e+07  1.42e-02 9.61e-06  2.69e-04    60s
 141   1.09571952e+07  1.09550849e+07  1.36e-02 1.04e-05  2.30e-04    60s
 142   1.09569017e+07  1.09550905e+07  1.29e-02 1.09e-05  1.98e-04    61s
 143   1.09566352e+07  1.09550944e+07  1.29e-02 1.11e-05  1.76e-04    61s
 144   1.09565152e+07  1.09550969e+07  1.30e-02 1.12e-05  1.65e-04    62s
 145   1.09564042e+07  1.09550995e+07  1.32e-02 1.11e-05  1.55e-04    62s
 146   1.09562133e+07  1.09551075e+07  1.33e-02 1.08e-05  1.28e-04    63s
 147   1.09559595e+07  1.09551090e+07  1.35e-02 1.06e-05  1.11e-04    63s
 148   1.09558019e+07  1.09551112e+07  1.32e-02 1.03e-05  9.87e-05    64s
 149   1.09557891e+07  1.09551114e+07  1.32e-02 1.03e-05  9.77e-05    64s
 150   1.09557647e+07  1.09551133e+07  1.26e-02 9.96e-06  9.27e-05    65s
 151   1.09557471e+07  1.09551159e+07  1.23e-02 9.51e-06  8.68e-05    66s
 152   1.09556545e+07  1.09551185e+07  1.03e-02 9.06e-06  7.65e-05    67s
 153   1.09555402e+07  1.09551200e+07  7.90e-03 8.79e-06  6.77e-05    68s
 154   1.09555159e+07  1.09551216e+07  7.40e-03 8.46e-06  6.38e-05    68s
 155   1.09554658e+07  1.09551226e+07  6.35e-03 8.20e-06  6.00e-05    69s
 156   1.09554391e+07  1.09551238e+07  5.81e-03 7.92e-06  5.69e-05    70s
 157   1.09553334e+07  1.09551246e+07  3.66e-03 7.72e-06  5.24e-05    70s
 158   1.09553243e+07  1.09551252e+07  3.47e-03 7.46e-06  5.11e-05    71s
 159   1.09553134e+07  1.09551256e+07  3.23e-03 7.26e-06  5.03e-05    72s

Barrier performed 159 iterations in 71.95 seconds (27.79 work units)
Barrier solve interrupted - model solved by another algorithm


Solved with dual simplex
Iteration    Objective       Primal Inf.    Dual Inf.      Time
  187254    1.0955152e+07   0.000000e+00   0.000000e+00     72s

Solved in 187254 iterations and 72.24 seconds (45.18 work units)
Optimal objective  1.095515160e+07

