2025-03-13 13:13:48,113 - data_processing - INFO - Applying set of filters no 1.
2025-03-13 13:13:48,124 - data_processing - INFO - Updated data with data filtered by {'scenario_key': ['ALL', '2045_scenario']}
2025-03-13 13:13:48,217 - data_processing - INFO - Applying set of filters no 1.
2025-03-13 13:13:48,229 - data_processing - INFO - Updated data with data filtered by {'scenario_key': ['ALL', '2045_scenario']}
2025-03-13 13:13:48,231 - build_datapackage - WARNING - Index of new data is not in the index of old data.
2025-03-13 13:13:48,233 - build_datapackage - WARNING - Update overwrites existing data.
2025-03-13 13:13:48,389 - build_datapackage - INFO - Updated DataPackage with timeseries from '['store/datasets/esys_raw/data/scalars/default_scalars.csv', 'store/appdata/esys/_resources/scal_costs_efficiencies.csv']'.
2025-03-13 13:13:48,917 - build_datapackage - INFO - Updated DataPackage with timeseries from '['store/datasets/esys_raw/data/time_series/ts_efficiencies.csv', 'store/datasets/esys_raw/data/time_series/ts_feedin.csv', 'store/datasets/esys_raw/data/time_series/ts_load.csv']'.
2025-03-13 13:13:49,312 - build_datapackage - INFO - Saved datapackage to 'store/appdata/esys/2045_scenario/preprocessed'.
2025-03-13 13:13:49,312 - data_processing - INFO - The DataFrame has been saved to: store/appdata/esys/2045_scenario/preprocessed/additional_scalars.csv.
2025-03-13 13:13:49,313 - build_datapackage - INFO - Saved additional scalars to 'store/appdata/esys/2045_scenario/preprocessed/additional_scalars.csv'.
2025-03-13 13:13:49,313 - build_datapackage - INFO - Saved additional_scalars to 'store/appdata/esys/2045_scenario/preprocessed'.
2025-03-13 13:14:24,113 - optimize - INFO - Emission limit will be set to 0.0.
2025-03-13 13:14:24,114 - optimize - INFO - No gas electricity relation will be set.
2025-03-13 13:14:24,115 - optimize - INFO - Created solph.EnergSystem using oemof.solph version '0.5.2dev1'.
2025-03-13 13:14:30,501 - optimize - INFO - Created solph.Energystem. Elapsed time: 0:00:06.385768
2025-03-13 13:14:30,501 - optimize - INFO - Creating solph.Model.
2025-03-13 13:14:50,166 - optimize - INFO - Created solph.Model. Elapsed time: 0:00:19.665221
2025-03-13 13:14:50,167 - optimize - INFO - Setting constraints.
2025-03-13 13:14:50,168 - optimize - INFO - Solving with solver 'gurobi' using solve_kwargs '{'tee': True, 'keepfiles': True, 'logfile': 'store/appdata/esys/2045_scenario/2045_scenario_solver_log.log'}' 
2025-03-13 13:16:20,265 - optimize - INFO - Solved the model. Elapsed time: 0:01:30.096656
2025-03-13 13:16:20,265 - optimize - INFO - Model solved. Collecting results.
2025-03-13 13:16:33,934 - optimize - INFO - Results saved to store/appdata/esys/2045_scenario/optimized.
